# JRE version: OpenJDK Runtime Environment Temurin-17.0.1+12 (17.0.1+12) (build 17.0.1+12)
# Java VM: OpenJDK 64-Bit Server VM Temurin-17.0.1+12 (17.0.1+12, mixed mode, emulated-client, tiered, compressed oops, compressed class ptrs, g1 gc, linux-amd64)
GC Precious Log:
 CPUs: 4 total, 4 available
 Memory: 3603M
 Large Page Support: Disabled
 NUMA Support: Disabled
 Compressed Oops: Enabled (32-bit)
 Heap Region Size: 1M
 Heap Min Capacity: 8M
 Heap Initial Capacity: 58M
 Heap Max Capacity: 902M
 Pre-touch: Disabled
 Parallel Workers: 4
 Concurrent Workers: 1
 Concurrent Refinement Workers: 4
 Periodic GC: Disabled
Heap:
 garbage-first heap   total 81920K, used 27513K [0x00000000c7a00000, 0x0000000100000000)
  region size 1024K, 2 young (2048K), 1 survivors (1024K)
 Metaspace       used 75092K, committed 75584K, reserved 1114112K
  class space    used 10334K, committed 10560K, reserved 1048576K
GC Heap History (20 events):
Event: 7.332 GC heap before
{Heap before GC invocations=15 (full 0):
 garbage-first heap   total 47104K, used 34966K [0x00000000c7a00000, 0x0000000100000000)
  region size 1024K, 21 young (21504K), 3 survivors (3072K)
 Metaspace       used 38051K, committed 38400K, reserved 1089536K
  class space    used 4971K, committed 5120K, reserved 1048576K
}
Event: 7.336 GC heap after
{Heap after GC invocations=16 (full 0):
 garbage-first heap   total 47104K, used 17626K [0x00000000c7a00000, 0x0000000100000000)
  region size 1024K, 1 young (1024K), 1 survivors (1024K)
 Metaspace       used 38051K, committed 38400K, reserved 1089536K
  class space    used 4971K, committed 5120K, reserved 1048576K
}
Event: 7.357 GC heap before
{Heap before GC invocations=16 (full 0):
 garbage-first heap   total 47104K, used 35034K [0x00000000c7a00000, 0x0000000100000000)
  region size 1024K, 19 young (19456K), 1 survivors (1024K)
 Metaspace       used 38139K, committed 38464K, reserved 1089536K
  class space    used 4979K, committed 5120K, reserved 1048576K
}
Event: 7.358 GC heap after
{Heap after GC invocations=17 (full 0):
 garbage-first heap   total 117760K, used 17817K [0x00000000c7a00000, 0x0000000100000000)
  region size 1024K, 1 young (1024K), 1 survivors (1024K)
 Metaspace       used 38139K, committed 38464K, reserved 1089536K
  class space    used 4979K, committed 5120K, reserved 1048576K
}
Event: 8.389 GC heap before
{Heap before GC invocations=17 (full 0):
 garbage-first heap   total 117760K, used 86425K [0x00000000c7a00000, 0x0000000100000000)
  region size 1024K, 69 young (70656K), 1 survivors (1024K)
 Metaspace       used 43370K, committed 43712K, reserved 1089536K
  class space    used 5779K, committed 5952K, reserved 1048576K
}
Event: 8.393 GC heap after
{Heap after GC invocations=18 (full 0):
 garbage-first heap   total 117760K, used 19241K [0x00000000c7a00000, 0x0000000100000000)
  region size 1024K, 2 young (2048K), 2 survivors (2048K)
 Metaspace       used 43370K, committed 43712K, reserved 1089536K
  class space    used 5779K, committed 5952K, reserved 1048576K
}
Event: 9.641 GC heap before
{Heap before GC invocations=18 (full 0):
 garbage-first heap   total 117760K, used 87849K [0x00000000c7a00000, 0x0000000100000000)
  region size 1024K, 69 young (70656K), 2 survivors (2048K)
 Metaspace       used 59870K, committed 60224K, reserved 1105920K
  class space    used 8208K, committed 8384K, reserved 1048576K
}
Event: 9.651 GC heap after
{Heap after GC invocations=19 (full 0):
 garbage-first heap   total 117760K, used 23332K [0x00000000c7a00000, 0x0000000100000000)
  region size 1024K, 6 young (6144K), 6 survivors (6144K)
 Metaspace       used 59870K, committed 60224K, reserved 1105920K
  class space    used 8208K, committed 8384K, reserved 1048576K
}
Event: 9.686 GC heap before
{Heap before GC invocations=19 (full 0):
 garbage-first heap   total 117760K, used 24356K [0x00000000c7a00000, 0x0000000100000000)
  region size 1024K, 8 young (8192K), 6 survivors (6144K)
 Metaspace       used 60348K, committed 60736K, reserved 1105920K
  class space    used 8264K, committed 8448K, reserved 1048576K
}
Event: 9.695 GC heap after
{Heap after GC invocations=20 (full 0):
 garbage-first heap   total 117760K, used 23504K [0x00000000c7a00000, 0x0000000100000000)
  region size 1024K, 5 young (5120K), 5 survivors (5120K)
 Metaspace       used 60348K, committed 60736K, reserved 1105920K
  class space    used 8264K, committed 8448K, reserved 1048576K
}
Event: 10.586 GC heap before
{Heap before GC invocations=21 (full 0):
 garbage-first heap   total 92160K, used 73680K [0x00000000c7a00000, 0x0000000100000000)
  region size 1024K, 54 young (55296K), 5 survivors (5120K)
 Metaspace       used 67593K, committed 68032K, reserved 1114112K
  class space    used 9343K, committed 9536K, reserved 1048576K
}
Event: 10.598 GC heap after
{Heap after GC invocations=22 (full 0):
 garbage-first heap   total 92160K, used 28144K [0x00000000c7a00000, 0x0000000100000000)
  region size 1024K, 5 young (5120K), 5 survivors (5120K)
 Metaspace       used 67593K, committed 68032K, reserved 1114112K
  class space    used 9343K, committed 9536K, reserved 1048576K
}
Event: 218.921 GC heap before
{Heap before GC invocations=23 (full 0):
 garbage-first heap   total 92160K, used 72176K [0x00000000c7a00000, 0x0000000100000000)
  region size 1024K, 49 young (50176K), 5 survivors (5120K)
 Metaspace       used 74009K, committed 74496K, reserved 1114112K
  class space    used 10191K, committed 10432K, reserved 1048576K
}
Event: 218.930 GC heap after
{Heap after GC invocations=24 (full 0):
 garbage-first heap   total 92160K, used 32272K [0x00000000c7a00000, 0x0000000100000000)
  region size 1024K, 5 young (5120K), 5 survivors (5120K)
 Metaspace       used 74009K, committed 74496K, reserved 1114112K
  class space    used 10191K, committed 10432K, reserved 1048576K
}
Event: 661.446 GC heap before
{Heap before GC invocations=24 (full 0):
 garbage-first heap   total 92160K, used 56848K [0x00000000c7a00000, 0x0000000100000000)
  region size 1024K, 30 young (30720K), 5 survivors (5120K)
 Metaspace       used 75115K, committed 75584K, reserved 1114112K
  class space    used 10340K, committed 10560K, reserved 1048576K
}
Event: 661.684 GC heap after
{Heap after GC invocations=25 (full 1):
 garbage-first heap   total 81920K, used 23460K [0x00000000c7a00000, 0x0000000100000000)
  region size 1024K, 0 young (0K), 0 survivors (0K)
 Metaspace       used 74958K, committed 75584K, reserved 1114112K
  class space    used 10306K, committed 10560K, reserved 1048576K
}
Event: 662.797 GC heap before
{Heap before GC invocations=25 (full 1):
 garbage-first heap   total 81920K, used 62372K [0x00000000c7a00000, 0x0000000100000000)
  region size 1024K, 39 young (39936K), 0 survivors (0K)
 Metaspace       used 75091K, committed 75584K, reserved 1114112K
  class space    used 10334K, committed 10560K, reserved 1048576K
}
Event: 662.805 GC heap after
{Heap after GC invocations=26 (full 1):
 garbage-first heap   total 81920K, used 27390K [0x00000000c7a00000, 0x0000000100000000)
  region size 1024K, 4 young (4096K), 4 survivors (4096K)
 Metaspace       used 75091K, committed 75584K, reserved 1114112K
  class space    used 10334K, committed 10560K, reserved 1048576K
}
Event: 662.907 GC heap before
{Heap before GC invocations=26 (full 1):
 garbage-first heap   total 81920K, used 63230K [0x00000000c7a00000, 0x0000000100000000)
  region size 1024K, 40 young (40960K), 4 survivors (4096K)
 Metaspace       used 75092K, committed 75584K, reserved 1114112K
  class space    used 10334K, committed 10560K, reserved 1048576K
}
Event: 662.913 GC heap after
{Heap after GC invocations=27 (full 1):
 garbage-first heap   total 81920K, used 27513K [0x00000000c7a00000, 0x0000000100000000)
  region size 1024K, 1 young (1024K), 1 survivors (1024K)
 Metaspace       used 75092K, committed 75584K, reserved 1114112K
  class space    used 10334K, committed 10560K, reserved 1048576K
}

